2025-08-20 09:50:22 | INFO     | __init__             | 📀 Database inicializado: C:\ProgramData\anaconda3\envs\bet365\lol_api\data\lol_odds.db
2025-08-20 09:50:22 | INFO     | run_update           | ============================================================
2025-08-20 09:50:22 | INFO     | run_update           | 🚀 INICIANDO ATUALIZAÇÃO DO BANCO DE ODDS LOL
2025-08-20 09:50:22 | INFO     | run_update           | ============================================================
2025-08-20 09:50:22 | INFO     | run_update           | 
📅 FASE 1: Buscando eventos...
2025-08-20 09:50:22 | INFO     | fetch_upcoming_events | 🔍 Buscando eventos para os próximos 10 dias
2025-08-20 09:50:22 | INFO     | fetch_upcoming_events | 📅 Buscando eventos para 2025-08-20
2025-08-20 09:50:22 | INFO     | fetch_upcoming_events |    ✅ 7 jogos de LoL encontrados
2025-08-20 09:50:22 | INFO     | fetch_upcoming_events | 📅 Buscando eventos para 2025-08-21
2025-08-20 09:50:23 | INFO     | fetch_upcoming_events |    ✅ 19 jogos de LoL encontrados
2025-08-20 09:50:23 | INFO     | fetch_upcoming_events | 📅 Buscando eventos para 2025-08-22
2025-08-20 09:50:23 | INFO     | fetch_upcoming_events |    ✅ 15 jogos de LoL encontrados
2025-08-20 09:50:23 | INFO     | fetch_upcoming_events | 📅 Buscando eventos para 2025-08-23
2025-08-20 09:50:23 | INFO     | fetch_upcoming_events |    ✅ 13 jogos de LoL encontrados
2025-08-20 09:50:23 | INFO     | fetch_upcoming_events | 📅 Buscando eventos para 2025-08-24
2025-08-20 09:50:24 | INFO     | fetch_upcoming_events |    ✅ 7 jogos de LoL encontrados
2025-08-20 09:50:24 | INFO     | fetch_upcoming_events | 📅 Buscando eventos para 2025-08-25
2025-08-20 09:50:24 | INFO     | fetch_upcoming_events |    ✅ 3 jogos de LoL encontrados
2025-08-20 09:50:24 | INFO     | fetch_upcoming_events | 📅 Buscando eventos para 2025-08-26
2025-08-20 09:50:24 | INFO     | fetch_upcoming_events |    ✅ 2 jogos de LoL encontrados
2025-08-20 09:50:24 | INFO     | fetch_upcoming_events | 📅 Buscando eventos para 2025-08-27
2025-08-20 09:50:24 | INFO     | fetch_upcoming_events |    ✅ 1 jogos de LoL encontrados
2025-08-20 09:50:24 | INFO     | fetch_upcoming_events | 📅 Buscando eventos para 2025-08-28
2025-08-20 09:50:25 | INFO     | fetch_upcoming_events |    ✅ 1 jogos de LoL encontrados
2025-08-20 09:50:25 | INFO     | fetch_upcoming_events | 📅 Buscando eventos para 2025-08-29
2025-08-20 09:50:25 | INFO     | fetch_upcoming_events |    ℹ️  Nenhum jogo de LoL encontrado
2025-08-20 09:50:25 | INFO     | fetch_upcoming_events | 📅 Buscando eventos para 2025-08-30
2025-08-20 09:50:25 | INFO     | fetch_upcoming_events |    ✅ 1 jogos de LoL encontrados
2025-08-20 09:50:25 | INFO     | fetch_upcoming_events | 📊 Total de eventos encontrados: 69
2025-08-20 09:50:25 | INFO     | save_events          | ✅ Novo evento: Gen.G.GA vs T1.EA - LOL - LCK CL Rounds 3-5
2025-08-20 09:50:25 | INFO     | save_events          | ✅ Novo evento: DN Freecs.Ch vs Dplus KIA.Ch - LOL - LCK CL Rounds 3-5
2025-08-20 09:50:25 | INFO     | save_events          | ✅ Novo evento: DRX vs DN Freecs - LOL - LCK
2025-08-20 09:50:25 | INFO     | save_events          | ✅ Novo evento: LGD Gaming vs ThunderTalk Gaming - LOL - LPL Split 3
2025-08-20 09:50:25 | INFO     | save_events          | ✅ Novo evento: Deep Cross Gaming vs Frank Esports - LOL - PCS Split 3
2025-08-20 09:50:25 | INFO     | save_events          | ✅ Novo evento: Gen.G vs Nongshim RedForce - LOL - LCK
2025-08-20 09:50:25 | INFO     | save_events          | ✅ Novo evento: FunPlus Phoenix vs Anyone's Legend - LOL - LPL Split 3
2025-08-20 09:50:25 | INFO     | save_events          | ✅ Novo evento: DRX.Ch vs KT Rolster.Ch - LOL - LCK CL Rounds 3-5
2025-08-20 09:50:25 | INFO     | save_events          | ✅ Novo evento: Nongshim.EA vs Hanwha Life Esports.Ch - LOL - LCK CL Rounds 3-5
2025-08-20 09:50:25 | INFO     | save_events          | ✅ Novo evento: KT Rolster vs Hanwha Life Esports - LOL - LCK
2025-08-20 09:50:25 | INFO     | save_events          | ✅ Novo evento: Ultra Prime vs Edward Gaming - LOL - LPL Split 3
2025-08-20 09:50:25 | INFO     | save_events          | ✅ Novo evento: OKSavingsBank BRION vs BNK FearX - LOL - LCK
2025-08-20 09:50:25 | INFO     | save_events          | ✅ Novo evento: JD Gaming vs Bilibili Gaming - LOL - LPL Split 3
2025-08-20 09:50:25 | INFO     | save_events          | ✅ Novo evento: Besiktas Esports vs The Forbidden Five - LOL - TCL Summer
2025-08-20 09:50:25 | INFO     | save_events          | ✅ Novo evento: BoostGate Esports vs ULF Esports - LOL - TCL Summer
2025-08-20 09:50:25 | INFO     | save_events          | ✅ Novo evento: Los Ratones vs Rich Gang - LOL - NLC Summer Playoffs
2025-08-20 09:50:25 | INFO     | save_events          | ✅ Novo evento: Galions vs Joblife - LOL - LFL Summer
2025-08-20 09:50:25 | INFO     | save_events          | ✅ Novo evento: Los Heretics vs UCAM Esports - LOL - Superliga Summer Split Playoffs
2025-08-20 09:50:25 | INFO     | save_events          | ✅ Novo evento: Dark Passage vs Papara SuperMassive - LOL - TCL Summer
2025-08-20 09:50:25 | INFO     | save_events          | ✅ Novo evento: A One Man Army vs Myth Esports - LOL - ROL Summer
2025-08-20 09:50:25 | INFO     | save_events          | ✅ Novo evento: Partizan Sangal vs Lenovo Legion Honved - LOL - EBL Summer Playoffs
2025-08-20 09:50:25 | INFO     | save_events          | ✅ Novo evento: Bushido Wildcats vs Misa Esports - LOL - TCL Summer
2025-08-20 09:50:25 | INFO     | save_events          | ✅ Novo evento: Senshi eSports vs Aurora - LOL - ROL Summer
2025-08-20 09:50:25 | INFO     | save_events          | ✅ Novo evento: Karmine Corp Blue vs Vitality.Bee - LOL - LFL Summer
2025-08-20 09:50:25 | INFO     | save_events          | ✅ Novo evento: BK ROG Esports vs Ici Japon Corp. Esport - LOL - LFL Summer
2025-08-20 09:50:25 | INFO     | save_events          | ✅ Novo evento: DarkZero vs Winthrop University - LOL - NACL Split 2 Playoffs
2025-08-20 09:50:25 | INFO     | save_events          | ✅ Novo evento: T1.EA vs BNK FearX.Y - LOL - LCK CL Rounds 3-5
2025-08-20 09:50:25 | INFO     | save_events          | ✅ Novo evento: Dplus KIA.Ch vs OKSavingsBank BRION.Ch - LOL - LCK CL Rounds 3-5
2025-08-20 09:50:25 | INFO     | save_events          | ✅ Novo evento: Nongshim RedForce vs T1 - LOL - LCK
2025-08-20 09:50:25 | INFO     | save_events          | ✅ Novo evento: Invictus Gaming vs FunPlus Phoenix - LOL - LPL Split 3
2025-08-20 09:50:25 | INFO     | save_events          | ✅ Novo evento: PSG Talon vs DetonatioN FocusMe - LOL - LCP Season Finals
2025-08-20 09:50:25 | INFO     | save_events          | ✅ Novo evento: Dplus KIA vs DRX - LOL - LCK
2025-08-20 09:50:25 | INFO     | save_events          | ✅ Novo evento: Edward Gaming vs LGD Gaming - LOL - LPL Split 3
2025-08-20 09:50:25 | INFO     | save_events          | ✅ Novo evento: CTBC Flying Oyster vs GAM Esports - LOL - LCP Season Finals
2025-08-20 09:50:25 | INFO     | save_events          | ✅ Novo evento: Misa Esports vs The Forbidden Five - LOL - TCL Summer
2025-08-20 09:50:25 | INFO     | save_events          | ✅ Novo evento: Bushido Wildcats vs Dark Passage - LOL - TCL Summer
2025-08-20 09:50:25 | INFO     | save_events          | ✅ Novo evento: Ici Japon Corp. Esport vs Team BDS.A - LOL - LFL Summer
2025-08-20 09:50:25 | INFO     | save_events          | ✅ Novo evento: Papara SuperMassive vs BoostGate Esports - LOL - TCL Summer
2025-08-20 09:50:25 | INFO     | save_events          | ✅ Novo evento: ULF Esports vs Besiktas Esports - LOL - TCL Summer
2025-08-20 09:50:25 | INFO     | save_events          | ✅ Novo evento: Gentle Mates vs BK ROG Esports - LOL - LFL Summer
2025-08-20 09:50:25 | INFO     | save_events          | ✅ Novo evento: Blue Otter vs Conviction - LOL - NACL Split 2 Playoffs
2025-08-20 09:50:25 | INFO     | save_events          | ✅ Novo evento: Dorado Gaming vs Luminosity Gaming - LOL - NACL Split 2 Playoffs
2025-08-20 09:50:25 | INFO     | save_events          | ✅ Novo evento: Hanwha Life Esports vs Gen.G - LOL - LCK
2025-08-20 09:50:25 | INFO     | save_events          | ✅ Novo evento: LNG Esports vs ThunderTalk Gaming - LOL - LPL Split 3
2025-08-20 09:50:25 | INFO     | save_events          | ✅ Novo evento: OKSavingsBank BRION vs DN Freecs - LOL - LCK
2025-08-20 09:50:25 | INFO     | save_events          | ✅ Novo evento: Team WE vs Top Esports - LOL - LPL Split 3
2025-08-20 09:50:25 | INFO     | save_events          | ✅ Novo evento: Chiefs Esports Club vs Fukuoka SB Hawks gaming - LOL - LCP Season Finals
2025-08-20 09:50:25 | INFO     | save_events          | ✅ Novo evento: Weibo Gaming vs Invictus Gaming - LOL - LPL Split 3
2025-08-20 09:50:25 | INFO     | save_events          | ✅ Novo evento: Tan'i eSports CZ vs Team UNiTY - LOL - Hitpoint Masters Summer Playoffs
2025-08-20 09:50:25 | INFO     | save_events          | ✅ Novo evento: MGN Vikings Esports vs Team Secret Whales - LOL - LCP Season Finals
2025-08-20 09:50:25 | INFO     | save_events          | ✅ Novo evento: G2 Hel vs Solary Academy - LOL - Equal Esports Cup Playoffs
2025-08-20 09:50:25 | INFO     | save_events          | ✅ Novo evento: eSuba vs EXILE esports - LOL - Hitpoint Masters Summer Playoffs
2025-08-20 09:50:25 | INFO     | save_events          | ✅ Novo evento: LOUD vs Fluxo W7M - LOL - LTA South Split 3
2025-08-20 09:50:25 | INFO     | save_events          | ✅ Novo evento: Disguised vs Dignitas - LOL - LTA North Split 3
2025-08-20 09:50:25 | INFO     | save_events          | ✅ Novo evento: BNK FearX vs Dplus KIA - LOL - LCK
2025-08-20 09:50:25 | INFO     | save_events          | ✅ Novo evento: KT Rolster vs T1 - LOL - LCK
2025-08-20 09:50:25 | INFO     | save_events          | ✅ Novo evento: Edward Gaming vs LNG Esports - LOL - LPL Split 3
2025-08-20 09:50:25 | INFO     | save_events          | ✅ Novo evento: Anyone's Legend vs JD Gaming - LOL - LPL Split 3
2025-08-20 09:50:25 | INFO     | save_events          | ✅ Novo evento: BIG vs TeamOrangeGaming - LOL - Prime League Season Finals
2025-08-20 09:50:25 | INFO     | save_events          | ✅ Novo evento: Isurus vs Leviatan - LOL - LTA South Split 3
2025-08-20 09:50:25 | INFO     | save_events          | ✅ Novo evento: LYON vs 100 Thieves - LOL - LTA North Split 3
2025-08-20 09:50:25 | INFO     | save_events          | ✅ Novo evento: SK Gaming vs G2 Esports - LOL - LEC Summer
2025-08-20 09:50:25 | INFO     | save_events          | ✅ Novo evento: Team BDS vs Team Heretics - LOL - LEC Summer
2025-08-20 09:50:25 | INFO     | save_events          | ✅ Novo evento: KaBuM! IDL vs Corinthians Esports - LOL - CD Split 2 Playoffs
2025-08-20 09:50:25 | INFO     | save_events          | ✅ Novo evento: Team Vitality vs Movistar KOI - LOL - LEC Summer
2025-08-20 09:50:25 | INFO     | save_events          | ✅ Novo evento: Natus Vincere vs GIANTX - LOL - LEC Summer
2025-08-20 09:50:25 | INFO     | save_events          | ✅ Novo evento: Colossal Gaming vs GMBLERS ESPORTS - LOL - LIT Summer Playoffs
2025-08-20 09:50:25 | INFO     | save_events          | ✅ Novo evento: Zena Esports vs aNc Legends - LOL - LIT Summer Playoffs
2025-08-20 09:50:25 | INFO     | save_events          | ✅ Novo evento: DFM Academy vs QT DIG - LOL - LJL Finals
2025-08-20 09:50:25 | INFO     | save_events          | 📝 Eventos processados - Novos: 69, Existentes: 0
2025-08-20 09:50:25 | INFO     | run_update           | ✅ Fase 1 concluída - 69 novos eventos adicionados
2025-08-20 09:50:25 | INFO     | run_update           | 
💰 FASE 2: Atualizando odds...
2025-08-20 09:50:25 | INFO     | fetch_and_save_odds  | 💰 Coletando odds para 62 eventos
2025-08-20 09:50:25 | INFO     | fetch_and_save_odds  |    [1/62] DRX.Ch vs KT Rolster.Ch
2025-08-20 09:50:26 | INFO     | fetch_and_save_odds  |       ✅ Odds salvas com sucesso
2025-08-20 09:50:26 | INFO     | fetch_and_save_odds  |    [2/62] Nongshim.EA vs Hanwha Life Esports.Ch
2025-08-20 09:50:26 | INFO     | fetch_and_save_odds  |       ✅ Odds salvas com sucesso
2025-08-20 09:50:26 | INFO     | fetch_and_save_odds  |    [3/62] KT Rolster vs Hanwha Life Esports
2025-08-20 09:50:27 | INFO     | fetch_and_save_odds  |       ✅ Odds salvas com sucesso
2025-08-20 09:50:27 | INFO     | fetch_and_save_odds  |    [4/62] Ultra Prime vs Edward Gaming
2025-08-20 09:50:32 | INFO     | fetch_and_save_odds  |       ✅ Odds salvas com sucesso
2025-08-20 09:50:32 | INFO     | fetch_and_save_odds  |    [5/62] OKSavingsBank BRION vs BNK FearX
2025-08-20 09:50:33 | INFO     | fetch_and_save_odds  |       ✅ Odds salvas com sucesso
2025-08-20 09:50:33 | INFO     | fetch_and_save_odds  |    [6/62] JD Gaming vs Bilibili Gaming
2025-08-20 09:50:33 | INFO     | fetch_and_save_odds  |       ✅ Odds salvas com sucesso
2025-08-20 09:50:34 | INFO     | fetch_and_save_odds  |    [7/62] Besiktas Esports vs The Forbidden Five
2025-08-20 09:50:34 | INFO     | fetch_and_save_odds  |       ✅ Odds salvas com sucesso
2025-08-20 09:50:34 | INFO     | fetch_and_save_odds  |    [8/62] BoostGate Esports vs ULF Esports
2025-08-20 09:50:35 | INFO     | fetch_and_save_odds  |       ✅ Odds salvas com sucesso
2025-08-20 09:50:35 | INFO     | fetch_and_save_odds  |    [9/62] Los Ratones vs Rich Gang
2025-08-20 09:50:35 | INFO     | fetch_and_save_odds  |       ✅ Odds salvas com sucesso
2025-08-20 09:50:35 | INFO     | fetch_and_save_odds  |    [10/62] Galions vs Joblife
2025-08-20 09:50:36 | INFO     | fetch_and_save_odds  |       ✅ Odds salvas com sucesso
2025-08-20 09:50:37 | INFO     | fetch_and_save_odds  |    [11/62] Los Heretics vs UCAM Esports
2025-08-20 09:50:37 | INFO     | fetch_and_save_odds  |       ✅ Odds salvas com sucesso
2025-08-20 09:50:37 | INFO     | fetch_and_save_odds  |    [12/62] Dark Passage vs Papara SuperMassive
2025-08-20 09:50:37 | INFO     | fetch_and_save_odds  |       ✅ Odds salvas com sucesso
2025-08-20 09:50:38 | INFO     | fetch_and_save_odds  |    [13/62] A One Man Army vs Myth Esports
2025-08-20 09:50:38 | INFO     | fetch_and_save_odds  |       ✅ Odds salvas com sucesso
2025-08-20 09:50:38 | INFO     | fetch_and_save_odds  |    [14/62] Partizan Sangal vs Lenovo Legion Honved
2025-08-20 09:50:39 | INFO     | fetch_and_save_odds  |       ✅ Odds salvas com sucesso
2025-08-20 09:50:39 | INFO     | fetch_and_save_odds  |    [15/62] Bushido Wildcats vs Misa Esports
2025-08-20 09:50:40 | INFO     | fetch_and_save_odds  |       ✅ Odds salvas com sucesso
2025-08-20 09:50:40 | INFO     | fetch_and_save_odds  |    [16/62] Senshi eSports vs Aurora
2025-08-20 09:50:40 | INFO     | fetch_and_save_odds  |       ✅ Odds salvas com sucesso
2025-08-20 09:50:41 | INFO     | fetch_and_save_odds  |    [17/62] Karmine Corp Blue vs Vitality.Bee
2025-08-20 09:50:41 | INFO     | fetch_and_save_odds  |       ✅ Odds salvas com sucesso
2025-08-20 09:50:41 | INFO     | fetch_and_save_odds  |    [18/62] BK ROG Esports vs Ici Japon Corp. Esport
2025-08-20 09:50:42 | INFO     | fetch_and_save_odds  |       ✅ Odds salvas com sucesso
2025-08-20 09:50:42 | INFO     | fetch_and_save_odds  |    [19/62] DarkZero vs Winthrop University
2025-08-20 09:50:42 | INFO     | fetch_and_save_odds  |       ✅ Odds salvas com sucesso
2025-08-20 09:50:43 | INFO     | fetch_and_save_odds  |    [20/62] T1.EA vs BNK FearX.Y
2025-08-20 09:50:43 | INFO     | fetch_and_save_odds  |       ✅ Odds salvas com sucesso
2025-08-20 09:50:43 | INFO     | fetch_and_save_odds  |    [21/62] Dplus KIA.Ch vs OKSavingsBank BRION.Ch
2025-08-20 09:50:44 | INFO     | fetch_and_save_odds  |       ✅ Odds salvas com sucesso
2025-08-20 09:50:44 | INFO     | fetch_and_save_odds  |    [22/62] Nongshim RedForce vs T1
2025-08-20 09:50:44 | INFO     | fetch_and_save_odds  |       ✅ Odds salvas com sucesso
2025-08-20 09:50:45 | INFO     | fetch_and_save_odds  |    [23/62] Invictus Gaming vs FunPlus Phoenix
2025-08-20 09:50:45 | INFO     | fetch_and_save_odds  |       ✅ Odds salvas com sucesso
2025-08-20 09:50:45 | INFO     | fetch_and_save_odds  |    [24/62] PSG Talon vs DetonatioN FocusMe
2025-08-20 09:50:46 | INFO     | fetch_and_save_odds  |       ✅ Odds salvas com sucesso
2025-08-20 09:50:46 | INFO     | fetch_and_save_odds  |    [25/62] Dplus KIA vs DRX
2025-08-20 09:50:46 | INFO     | fetch_and_save_odds  |       ✅ Odds salvas com sucesso
2025-08-20 09:50:46 | INFO     | fetch_and_save_odds  |    [26/62] Edward Gaming vs LGD Gaming
2025-08-20 09:50:47 | INFO     | fetch_and_save_odds  |       ✅ Odds salvas com sucesso
2025-08-20 09:50:47 | INFO     | fetch_and_save_odds  |    [27/62] CTBC Flying Oyster vs GAM Esports
2025-08-20 09:50:47 | INFO     | fetch_and_save_odds  |       ✅ Odds salvas com sucesso
2025-08-20 09:50:48 | INFO     | fetch_and_save_odds  |    [28/62] Misa Esports vs The Forbidden Five
2025-08-20 09:50:48 | INFO     | fetch_and_save_odds  |       ✅ Odds salvas com sucesso
2025-08-20 09:50:48 | INFO     | fetch_and_save_odds  |    [29/62] Bushido Wildcats vs Dark Passage
2025-08-20 09:50:49 | INFO     | fetch_and_save_odds  |       ✅ Odds salvas com sucesso
2025-08-20 09:50:49 | INFO     | fetch_and_save_odds  |    [30/62] Ici Japon Corp. Esport vs Team BDS.A
2025-08-20 09:50:49 | INFO     | fetch_and_save_odds  |       ✅ Odds salvas com sucesso
2025-08-20 09:50:50 | INFO     | fetch_and_save_odds  |    [31/62] Papara SuperMassive vs BoostGate Esports
2025-08-20 09:50:50 | INFO     | fetch_and_save_odds  |       ✅ Odds salvas com sucesso
2025-08-20 09:50:50 | INFO     | fetch_and_save_odds  |    [32/62] ULF Esports vs Besiktas Esports
2025-08-20 09:50:50 | INFO     | fetch_and_save_odds  |       ✅ Odds salvas com sucesso
2025-08-20 09:50:51 | INFO     | fetch_and_save_odds  |    [33/62] Gentle Mates vs BK ROG Esports
2025-08-20 09:50:51 | INFO     | fetch_and_save_odds  |       ✅ Odds salvas com sucesso
2025-08-20 09:50:52 | INFO     | fetch_and_save_odds  |    [34/62] Blue Otter vs Conviction
2025-08-20 09:50:52 | INFO     | fetch_and_save_odds  |       ✅ Odds salvas com sucesso
2025-08-20 09:50:52 | INFO     | fetch_and_save_odds  |    [35/62] Dorado Gaming vs Luminosity Gaming
2025-08-20 09:50:52 | INFO     | fetch_and_save_odds  |       ✅ Odds salvas com sucesso
2025-08-20 09:50:53 | INFO     | fetch_and_save_odds  |    [36/62] Hanwha Life Esports vs Gen.G
2025-08-20 09:50:53 | INFO     | fetch_and_save_odds  |       ✅ Odds salvas com sucesso
2025-08-20 09:50:53 | INFO     | fetch_and_save_odds  |    [37/62] LNG Esports vs ThunderTalk Gaming
2025-08-20 09:50:54 | INFO     | fetch_and_save_odds  |       ✅ Odds salvas com sucesso
2025-08-20 09:50:54 | INFO     | fetch_and_save_odds  |    [38/62] OKSavingsBank BRION vs DN Freecs
2025-08-20 09:50:54 | INFO     | fetch_and_save_odds  |       ✅ Odds salvas com sucesso
2025-08-20 09:50:55 | INFO     | fetch_and_save_odds  |    [39/62] Team WE vs Top Esports
2025-08-20 09:50:55 | INFO     | fetch_and_save_odds  |       ✅ Odds salvas com sucesso
2025-08-20 09:50:55 | INFO     | fetch_and_save_odds  |    [40/62] Chiefs Esports Club vs Fukuoka SB Hawks gaming
2025-08-20 09:50:55 | INFO     | fetch_and_save_odds  |       ✅ Odds salvas com sucesso
2025-08-20 09:50:56 | INFO     | fetch_and_save_odds  |    [41/62] Weibo Gaming vs Invictus Gaming
2025-08-20 09:50:56 | INFO     | fetch_and_save_odds  |       ✅ Odds salvas com sucesso
2025-08-20 09:50:56 | INFO     | fetch_and_save_odds  |    [42/62] Tan'i eSports CZ vs Team UNiTY
2025-08-20 09:50:57 | INFO     | fetch_and_save_odds  |       ✅ Odds salvas com sucesso
2025-08-20 09:50:57 | INFO     | fetch_and_save_odds  |    [43/62] MGN Vikings Esports vs Team Secret Whales
2025-08-20 09:50:57 | INFO     | fetch_and_save_odds  |       ✅ Odds salvas com sucesso
2025-08-20 09:50:58 | INFO     | fetch_and_save_odds  |    [44/62] G2 Hel vs Solary Academy
2025-08-20 09:50:58 | INFO     | fetch_and_save_odds  |       ✅ Odds salvas com sucesso
2025-08-20 09:50:58 | INFO     | fetch_and_save_odds  |    [45/62] eSuba vs EXILE esports
2025-08-20 09:51:00 | INFO     | fetch_and_save_odds  |       ✅ Odds salvas com sucesso
2025-08-20 09:51:00 | INFO     | fetch_and_save_odds  |    [46/62] LOUD vs Fluxo W7M
2025-08-20 09:51:00 | INFO     | fetch_and_save_odds  |       ✅ Odds salvas com sucesso
2025-08-20 09:51:01 | INFO     | fetch_and_save_odds  |    [47/62] Disguised vs Dignitas
2025-08-20 09:51:01 | INFO     | fetch_and_save_odds  |       ✅ Odds salvas com sucesso
2025-08-20 09:51:01 | INFO     | fetch_and_save_odds  |    [48/62] BNK FearX vs Dplus KIA
2025-08-20 09:51:02 | INFO     | fetch_and_save_odds  |       ✅ Odds salvas com sucesso
2025-08-20 09:51:02 | INFO     | fetch_and_save_odds  |    [49/62] KT Rolster vs T1
2025-08-20 09:51:03 | INFO     | fetch_and_save_odds  |       ✅ Odds salvas com sucesso
2025-08-20 09:51:03 | INFO     | fetch_and_save_odds  |    [50/62] Edward Gaming vs LNG Esports
2025-08-20 09:51:03 | INFO     | fetch_and_save_odds  |       ✅ Odds salvas com sucesso
2025-08-20 09:51:04 | INFO     | fetch_and_save_odds  |    [51/62] Anyone's Legend vs JD Gaming
2025-08-20 09:51:04 | INFO     | fetch_and_save_odds  |       ✅ Odds salvas com sucesso
2025-08-20 09:51:04 | INFO     | fetch_and_save_odds  |    [52/62] BIG vs TeamOrangeGaming
2025-08-20 09:51:05 | INFO     | fetch_and_save_odds  |       ✅ Odds salvas com sucesso
2025-08-20 09:51:05 | INFO     | fetch_and_save_odds  |    [53/62] Isurus vs Leviatan
2025-08-20 09:51:07 | INFO     | fetch_and_save_odds  |       ✅ Odds salvas com sucesso
2025-08-20 09:51:07 | INFO     | fetch_and_save_odds  |    [54/62] LYON vs 100 Thieves
2025-08-20 09:51:08 | INFO     | fetch_and_save_odds  |       ✅ Odds salvas com sucesso
2025-08-20 09:51:08 | INFO     | fetch_and_save_odds  |    [55/62] SK Gaming vs G2 Esports
2025-08-20 09:51:08 | INFO     | fetch_and_save_odds  |       ✅ Odds salvas com sucesso
2025-08-20 09:51:08 | INFO     | fetch_and_save_odds  |    [56/62] Team BDS vs Team Heretics
2025-08-20 09:51:09 | INFO     | fetch_and_save_odds  |       ✅ Odds salvas com sucesso
2025-08-20 09:51:09 | INFO     | fetch_and_save_odds  |    [57/62] KaBuM! IDL vs Corinthians Esports
2025-08-20 09:51:09 | INFO     | fetch_and_save_odds  |       ✅ Odds salvas com sucesso
2025-08-20 09:51:10 | INFO     | fetch_and_save_odds  |    [58/62] Team Vitality vs Movistar KOI
2025-08-20 09:51:11 | INFO     | fetch_and_save_odds  |       ✅ Odds salvas com sucesso
2025-08-20 09:51:12 | INFO     | fetch_and_save_odds  |    [59/62] Natus Vincere vs GIANTX
2025-08-20 09:51:12 | INFO     | fetch_and_save_odds  |       ✅ Odds salvas com sucesso
2025-08-20 09:51:12 | INFO     | fetch_and_save_odds  |    [60/62] Colossal Gaming vs GMBLERS ESPORTS
2025-08-20 09:51:12 | INFO     | fetch_and_save_odds  |       ✅ Odds salvas com sucesso
2025-08-20 09:51:13 | INFO     | fetch_and_save_odds  |    [61/62] Zena Esports vs aNc Legends
2025-08-20 09:51:13 | INFO     | fetch_and_save_odds  |       ✅ Odds salvas com sucesso
2025-08-20 09:51:13 | INFO     | fetch_and_save_odds  |    [62/62] DFM Academy vs QT DIG
2025-08-20 09:51:14 | INFO     | fetch_and_save_odds  |       ✅ Odds salvas com sucesso
2025-08-20 09:51:14 | INFO     | fetch_and_save_odds  | 📊 Coleta finalizada: 62/62 eventos com odds
2025-08-20 09:51:14 | INFO     | run_update           | ✅ Fase 2 concluída - 62 eventos com odds atualizadas
2025-08-20 09:51:14 | INFO     | run_update           | 💾 Dashboard salvo em: C:\ProgramData\anaconda3\envs\bet365\lol_api\reports\dashboard_20250820_095114.txt
2025-08-20 09:51:14 | INFO     | run_update           | 
✅ ATUALIZAÇÃO COMPLETA EM 52.3 SEGUNDOS
2025-08-20 09:51:14 | INFO     | close                | 🔌 Conexões fechadas
